<?xml version="1.0" encoding="UTF-8"?>
<!-- Generated by org.testng.reporters.JUnitReportReporter -->
<testsuite skipped="0" hostname="RAVI-LP" name="MavenFramework2.MavenProject1.AppiumTest" tests="2" failures="0" timestamp="2021-05-19T11:05:17 IST" time="0.002" errors="0">
  <testcase name="nativeAndroid" time="0.001" classname="MavenFramework2.MavenProject1.AppiumTest"/>
  <system-out/>
  <testcase name="IOSApps" time="0.001" classname="MavenFramework2.MavenProject1.AppiumTest"/>
  <system-out/>
</testsuite> <!-- MavenFramework2.MavenProject1.AppiumTest -->
