<?xml version="1.0" encoding="UTF-8"?>
<!-- Generated by org.testng.reporters.JUnitReportReporter -->
<testsuite skipped="0" hostname="RAVI-LP" name="MavenFramework2.MavenProject1.SeleniumTest" tests="2" failures="0" timestamp="2021-05-19T11:05:17 IST" time="0.008" errors="0">
  <testcase name="reportTest" time="0.001" classname="MavenFramework2.MavenProject1.SeleniumTest"/>
  <system-out/>
  <testcase name="browserAutomation" time="0.007" classname="MavenFramework2.MavenProject1.SeleniumTest"/>
  <system-out/>
</testsuite> <!-- MavenFramework2.MavenProject1.SeleniumTest -->
