<?xml version="1.0" encoding="UTF-8"?>
<!-- Generated by org.testng.reporters.JUnitReportReporter -->
<testsuite skipped="0" hostname="RAVI-LP" name="MavenFramework2.MavenProject1.AppiumTest" tests="2" failures="0" timestamp="2021-06-29T10:04:09 IST" time="0.000" errors="0">
  <testcase name="nativeAndroid" time="0.000" classname="MavenFramework2.MavenProject1.AppiumTest"/>
  <system-out/>
  <testcase name="IOSApps" time="0.000" classname="MavenFramework2.MavenProject1.AppiumTest"/>
  <system-out/>
</testsuite> <!-- MavenFramework2.MavenProject1.AppiumTest -->
