<?xml version="1.0" encoding="UTF-8"?>
<!-- Generated by org.testng.reporters.JUnitReportReporter -->
<testsuite skipped="0" hostname="RAVI-LP" name="MavenFramework2.MavenProject1.RESTApiTest" tests="1" failures="0" timestamp="2021-06-29T10:04:09 IST" time="0.000" errors="0">
  <testcase name="postJira" time="0.000" classname="MavenFramework2.MavenProject1.RESTApiTest"/>
  <system-out/>
</testsuite> <!-- MavenFramework2.MavenProject1.RESTApiTest -->
